
> rest-express@1.0.0 dev
> tsx server/index.ts

✅ تم الاتصال بقاعدة البيانات بنجاح
تم الاتصال بقاعدة البيانات بنجاح
اكتملت عملية تهيئة قاعدة البيانات بنجاح
Starting to register routes...
All routes registered successfully
الخادم يعمل على المنفذ 5002 في وضع التطوير
Error:   Failed to scan for dependencies from entries:
  /home/runner/workspace/client/index.html

  ✘ [ERROR] The symbol "Sidebar" has already been declared

    client/src/components/ui/sidebar.tsx:324:6:
      324 │ const Sidebar = React.forwardRef<
          ╵       ~~~~~~~

  The symbol "Sidebar" was originally declared here:

    client/src/components/ui/sidebar.tsx:91:16:
      91 │ export function Sidebar({ className }: SidebarProps) {
         ╵                 ~~~~~~~


✘ [ERROR] Multiple exports with the same name "Sidebar"

    client/src/components/ui/sidebar.tsx:905:2:
      905 │   Sidebar,
          ╵   ~~~~~~~

  The name "Sidebar" was originally exported here:

    client/src/components/ui/sidebar.tsx:91:16:
      91 │ export function Sidebar({ className }: SidebarProps) {
         ╵                 ~~~~~~~


✘ [ERROR] Multiple exports with the same name "cn"

    client/src/lib/utils.ts:12:16:
      12 │ export function cn(...inputs: ClassValue[]) {
         ╵                 ~~

  The name "cn" was originally exported here:

    client/src/lib/utils.ts:5:16:
      5 │ export function cn(...inputs: ClassValue[]) {
        ╵                 ~~


✘ [ERROR] The symbol "cn" has already been declared

    client/src/lib/utils.ts:12:16:
      12 │ export function cn(...inputs: ClassValue[]) {
         ╵                 ~~

  The symbol "cn" was originally declared here:

    client/src/lib/utils.ts:5:16:
      5 │ export function cn(...inputs: ClassValue[]) {
        ╵                 ~~

  Duplicate top-level function declarations are not allowed in an ECMAScript module. This file is considered to be an ECMAScript module because of the "export" keyword here:

    client/src/lib/utils.ts:12:0:
      12 │ export function cn(...inputs: ClassValue[]) {
         ╵ ~~~~~~


    at failureErrorWithLog (/home/runner/workspace/node_modules/vite/node_modules/esbuild/lib/main.js:1472:15)
    at /home/runner/workspace/node_modules/vite/node_modules/esbuild/lib/main.js:945:25
    at runOnEndCallbacks (/home/runner/workspace/node_modules/vite/node_modules/esbuild/lib/main.js:1315:45)
    at buildResponseToResult (/home/runner/workspace/node_modules/vite/node_modules/esbuild/lib/main.js:943:7)
    at /home/runner/workspace/node_modules/vite/node_modules/esbuild/lib/main.js:955:9
    at new Promise (<anonymous>)
    at requestCallbacks.on-end (/home/runner/workspace/node_modules/vite/node_modules/esbuild/lib/main.js:954:54)
    at handleRequest (/home/runner/workspace/node_modules/vite/node_modules/esbuild/lib/main.js:647:17)
    at handleIncomingPacket (/home/runner/workspace/node_modules/vite/node_modules/esbuild/lib/main.js:672:7)
    at Socket.readFromStdout (/home/runner/workspace/node_modules/vite/node_modules/esbuild/lib/main.js:600:7)